critical libmamba Shell not initialized

'micromamba' is running as a subprocess and can't modify the parent shell.
Thus you must initialize your shell before using activate and deactivate.

To initialize the current bash shell, run:
    $ eval "$(micromamba shell hook --shell bash)"
and then activate or deactivate with:
    $ micromamba activate
To automatically initialize all future (bash) shells, run:
    $ micromamba shell init --shell bash --root-prefix=~/micromamba
If your shell was already initialized, reinitialize your shell with:
    $ micromamba shell reinit --shell bash
Otherwise, this may be an issue. In the meantime you can run commands. See:
    $ micromamba run --help

Supported shells are {bash, zsh, csh, xonsh, cmd.exe, powershell, fish}.
Job started on chi-gpu1
Environment activated
which autrainer: /home/go35mig/micromamba/envs/myenv/bin/autrainer
/home/go35mig/micromamba/envs/myenv/bin/python
/home/go35mig/micromamba/envs/myenv/bin/aucurriculum
[2026-01-14 16:43:37,515][HYDRA] Launching 1 jobs locally
[2026-01-14 16:43:37,515][HYDRA] 	#0 : curriculum/scoring=CumulativeAccuracy
[2026-01-14 16:43:53,577][speechbrain.utils.checkpoints][DEBUG] - Registered checkpoint save hook for _speechbrain_save
[2026-01-14 16:43:53,577][speechbrain.utils.checkpoints][DEBUG] - Registered checkpoint load hook for _speechbrain_load
[2026-01-14 16:43:53,577][speechbrain.utils.checkpoints][DEBUG] - Registered checkpoint save hook for save
[2026-01-14 16:43:53,577][speechbrain.utils.checkpoints][DEBUG] - Registered checkpoint load hook for load
[2026-01-14 16:43:53,734][speechbrain.utils.quirks][INFO] - Applied quirks (see `speechbrain.utils.quirks`): [allow_tf32, disable_jit_profiling]
[2026-01-14 16:43:53,735][speechbrain.utils.quirks][INFO] - Excluded quirks specified by the `SB_DISABLE_QUIRKS` environment (comma-separated list): []
[2026-01-14 16:43:53,735][speechbrain.utils.checkpoints][DEBUG] - Registered checkpoint save hook for _save
[2026-01-14 16:43:53,736][speechbrain.utils.checkpoints][DEBUG] - Registered checkpoint load hook for _recover
[2026-01-14 16:43:53,764][speechbrain.utils.checkpoints][DEBUG] - Registered checkpoint save hook for _save
[2026-01-14 16:43:53,764][speechbrain.utils.checkpoints][DEBUG] - Registered checkpoint load hook for _load
[2026-01-14 16:43:53,764][speechbrain.utils.checkpoints][DEBUG] - Registered parameter transfer hook for _load
SpeechCommands-16k_Cnn10_Adam_0.001_32_epoch_5_None_None_N_N_None_None_1_0_1_b:   0%|          | 0/4 [00:00<?, ?it/s]SpeechCommands-16k_Cnn10_Adam_0.001_32_epoch_5_None_None_N_N_None_None_1_0_1_b:  25%|██▌       | 1/4 [02:00<06:02, 120.74s/it]SpeechCommands-16k_Cnn10_Adam_0.001_32_epoch_5_None_None_N_N_None_None_1_0_1_b:  50%|█████     | 2/4 [03:59<03:58, 119.41s/it]SpeechCommands-16k_Cnn10_Adam_0.001_32_epoch_5_None_None_N_N_None_None_1_0_1_b:  75%|███████▌  | 3/4 [05:57<01:58, 118.96s/it]SpeechCommands-16k_Cnn10_Adam_0.001_32_epoch_5_None_None_N_N_None_None_1_0_1_b: 100%|██████████| 4/4 [07:54<00:00, 118.14s/it]SpeechCommands-16k_Cnn10_Adam_0.001_32_epoch_5_None_None_N_N_None_None_1_0_1_b: 100%|██████████| 4/4 [07:54<00:00, 118.63s/it]
Job finished.
slurmstepd: error: pam_close_session: Cannot make/remove an entry for the specified session
