This job can be monitored from: https://job.c3se.chalmers.se/alvis/5706355

Currently Loaded Modules:
  1) CUDA/11.8.0

 

/usr/bin/apptainer
nvcc: NVIDIA (R) Cuda compiler driver
Copyright (c) 2005-2022 NVIDIA Corporation
Built on Wed_Sep_21_10:33:58_PDT_2022
Cuda compilation tools, release 11.8, V11.8.89
Build cuda_11.8.r11.8/compiler.31833905_0
===== GPU (HOST) =====
Sat Jan 24 21:52:14 2026       
+-----------------------------------------------------------------------------------------+
| NVIDIA-SMI 580.95.05              Driver Version: 580.95.05      CUDA Version: 13.0     |
+-----------------------------------------+------------------------+----------------------+
| GPU  Name                 Persistence-M | Bus-Id          Disp.A | Volatile Uncorr. ECC |
| Fan  Temp   Perf          Pwr:Usage/Cap |           Memory-Usage | GPU-Util  Compute M. |
|                                         |                        |               MIG M. |
|=========================================+========================+======================|
|   0  NVIDIA A40                     On  |   00000000:31:00.0 Off |                    0 |
|  0%   27C    P8             24W /  300W |       0MiB /  46068MiB |      0%      Default |
|                                         |                        |                  N/A |
+-----------------------------------------+------------------------+----------------------+

+-----------------------------------------------------------------------------------------+
| Processes:                                                                              |
|  GPU   GI   CI              PID   Type   Process name                        GPU Memory |
|        ID   ID                                                               Usage      |
|=========================================================================================|
|  No running processes found                                                             |
+-----------------------------------------------------------------------------------------+
GPU 0: NVIDIA A40 (UUID: GPU-b5430086-f2e4-61e4-19a4-2e9c741af6e9)
=== Step 1: Baseline Training ===
[2026-01-24 21:52:16,153][HYDRA] Launching 1 jobs locally
[2026-01-24 21:52:16,153][HYDRA] 	#0 : +seed=1 +batch_size=64 +learning_rate=0.001 dataset=SpeechCommands-16k model=Cnn10 optimizer=Adam curriculum=None curriculum/sampling=None curriculum/scoring=None curriculum/pacing=None curriculum.pacing.initial_size=1 curriculum.pacing.final_iteration=0 device=cuda ++dataset.path=/mimer/NOBACKUP/groups/ulio_inverse/zhiping/data/SpeechCommands
[2026-01-24 21:52:28,442][speechbrain.utils.checkpoints][DEBUG] - Registered checkpoint save hook for _speechbrain_save
[2026-01-24 21:52:28,442][speechbrain.utils.checkpoints][DEBUG] - Registered checkpoint load hook for _speechbrain_load
[2026-01-24 21:52:28,442][speechbrain.utils.checkpoints][DEBUG] - Registered checkpoint save hook for save
[2026-01-24 21:52:28,443][speechbrain.utils.checkpoints][DEBUG] - Registered checkpoint load hook for load
[2026-01-24 21:52:28,637][speechbrain.utils.quirks][INFO] - Applied quirks (see `speechbrain.utils.quirks`): [disable_jit_profiling, allow_tf32]
[2026-01-24 21:52:28,638][speechbrain.utils.quirks][INFO] - Excluded quirks specified by the `SB_DISABLE_QUIRKS` environment (comma-separated list): []
[2026-01-24 21:52:28,638][speechbrain.utils.checkpoints][DEBUG] - Registered checkpoint save hook for _save
[2026-01-24 21:52:28,638][speechbrain.utils.checkpoints][DEBUG] - Registered checkpoint load hook for _recover
[2026-01-24 21:52:28,657][speechbrain.utils.checkpoints][DEBUG] - Registered checkpoint save hook for _save
[2026-01-24 21:52:28,657][speechbrain.utils.checkpoints][DEBUG] - Registered checkpoint load hook for _load
[2026-01-24 21:52:28,658][speechbrain.utils.checkpoints][DEBUG] - Registered parameter transfer hook for _load
[2026-01-24 21:56:08,286][INFO]
Dev results at epoch 1:
accuracy:   0.8767
uar:        0.8822
f1:         0.8697
train_loss: 0.9192
dev_loss:   0.3917

[2026-01-24 21:58:39,896][INFO]
Dev results at epoch 2:
accuracy:   0.8421
uar:        0.8433
f1:         0.8335
train_loss: 0.3030
dev_loss:   0.5211

[2026-01-24 22:02:55,328][INFO]
Dev results at epoch 3:
accuracy:   0.9209
uar:        0.9092
f1:         0.9041
train_loss: 0.2348
dev_loss:   0.2478

[2026-01-24 22:06:27,942][INFO]
Dev results at epoch 4:
accuracy:   0.9473
uar:        0.9430
f1:         0.9415
train_loss: 0.2024
dev_loss:   0.1765

[2026-01-24 22:08:47,555][INFO]
Dev results at epoch 5:
accuracy:   0.9418
uar:        0.9375
f1:         0.9366
train_loss: 0.1815
dev_loss:   0.1953

[2026-01-24 22:11:08,993][INFO]
Dev results at epoch 6:
accuracy:   0.9511
uar:        0.9494
f1:         0.9447
train_loss: 0.1624
dev_loss:   0.1655

[2026-01-24 22:13:36,928][INFO]
Dev results at epoch 7:
accuracy:   0.9586
uar:        0.9578
f1:         0.9541
train_loss: 0.1472
dev_loss:   0.1370

[2026-01-24 22:16:08,661][INFO]
Dev results at epoch 8:
accuracy:   0.9533
uar:        0.9512
f1:         0.9459
train_loss: 0.1345
dev_loss:   0.1616

[2026-01-24 22:18:29,725][INFO]
Dev results at epoch 9:
accuracy:   0.9550
uar:        0.9528
f1:         0.9492
train_loss: 0.1219
dev_loss:   0.1665

[2026-01-24 22:20:54,232][INFO]
Dev results at epoch 10:
accuracy:   0.9600
uar:        0.9565
f1:         0.9548
train_loss: 0.1110
dev_loss:   0.1436

[2026-01-24 22:23:14,918][INFO]
Dev results at epoch 11:
accuracy:   0.9601
uar:        0.9585
f1:         0.9556
train_loss: 0.1021
dev_loss:   0.1484

[2026-01-24 22:25:37,121][INFO]
Dev results at epoch 12:
accuracy:   0.9565
uar:        0.9553
f1:         0.9526
train_loss: 0.0946
dev_loss:   0.1633

[2026-01-24 22:28:02,064][INFO]
Dev results at epoch 13:
accuracy:   0.9610
uar:        0.9606
f1:         0.9562
train_loss: 0.0886
dev_loss:   0.1409

[2026-01-24 22:30:34,817][INFO]
Dev results at epoch 14:
accuracy:   0.9645
uar:        0.9633
f1:         0.9609
train_loss: 0.0758
dev_loss:   0.1417

[2026-01-24 22:32:57,111][INFO]
Dev results at epoch 15:
accuracy:   0.9620
uar:        0.9605
f1:         0.9565
train_loss: 0.0745
dev_loss:   0.1438

[2026-01-24 22:33:18,166][INFO]
Best results at epoch 14:
accuracy:   0.9645
uar:        0.9633
f1:         0.9609
train_loss: 0.0758
dev_loss:   0.1417

[2026-01-24 22:33:18,168][INFO]
Test results:
test_loss:     0.1295
test_accuracy: 0.9653
test_uar:      0.9619
test_f1:       0.9608

=== Step 2: CumAcc Scoring ===
[2026-01-24 22:33:21,979][HYDRA] Launching 1 jobs locally
[2026-01-24 22:33:21,979][HYDRA] 	#0 : curriculum/scoring=CumulativeAccuracy device=cuda ++dataset.path=/mimer/NOBACKUP/groups/ulio_inverse/zhiping/data/SpeechCommands
[2026-01-24 22:33:33,705][speechbrain.utils.checkpoints][DEBUG] - Registered checkpoint save hook for _speechbrain_save
[2026-01-24 22:33:33,705][speechbrain.utils.checkpoints][DEBUG] - Registered checkpoint load hook for _speechbrain_load
[2026-01-24 22:33:33,706][speechbrain.utils.checkpoints][DEBUG] - Registered checkpoint save hook for save
[2026-01-24 22:33:33,706][speechbrain.utils.checkpoints][DEBUG] - Registered checkpoint load hook for load
[2026-01-24 22:33:33,897][speechbrain.utils.quirks][INFO] - Applied quirks (see `speechbrain.utils.quirks`): [disable_jit_profiling, allow_tf32]
[2026-01-24 22:33:33,897][speechbrain.utils.quirks][INFO] - Excluded quirks specified by the `SB_DISABLE_QUIRKS` environment (comma-separated list): []
[2026-01-24 22:33:33,897][speechbrain.utils.checkpoints][DEBUG] - Registered checkpoint save hook for _save
[2026-01-24 22:33:33,897][speechbrain.utils.checkpoints][DEBUG] - Registered checkpoint load hook for _recover
[2026-01-24 22:33:33,918][speechbrain.utils.checkpoints][DEBUG] - Registered checkpoint save hook for _save
[2026-01-24 22:33:33,918][speechbrain.utils.checkpoints][DEBUG] - Registered checkpoint load hook for _load
[2026-01-24 22:33:33,918][speechbrain.utils.checkpoints][DEBUG] - Registered parameter transfer hook for _load
=== Step 3: Curriculum Training ===
[2026-01-24 22:55:06,895][HYDRA] Launching 1 jobs locally
[2026-01-24 22:55:06,895][HYDRA] 	#0 : +seed=1 +batch_size=64 +learning_rate=0.001 dataset=SpeechCommands-16k model=Cnn10 optimizer=Adam curriculum=Curriculum curriculum/sampling=Original curriculum/scoring=CumulativeAccuracy curriculum/pacing=Logarithmic curriculum.pacing.initial_size=0.2 curriculum.pacing.final_iteration=0.5 device=cuda ++dataset.path=/mimer/NOBACKUP/groups/ulio_inverse/zhiping/data/SpeechCommands
[2026-01-24 22:55:18,559][speechbrain.utils.checkpoints][DEBUG] - Registered checkpoint save hook for _speechbrain_save
[2026-01-24 22:55:18,559][speechbrain.utils.checkpoints][DEBUG] - Registered checkpoint load hook for _speechbrain_load
[2026-01-24 22:55:18,559][speechbrain.utils.checkpoints][DEBUG] - Registered checkpoint save hook for save
[2026-01-24 22:55:18,559][speechbrain.utils.checkpoints][DEBUG] - Registered checkpoint load hook for load
[2026-01-24 22:55:18,753][speechbrain.utils.quirks][INFO] - Applied quirks (see `speechbrain.utils.quirks`): [allow_tf32, disable_jit_profiling]
[2026-01-24 22:55:18,753][speechbrain.utils.quirks][INFO] - Excluded quirks specified by the `SB_DISABLE_QUIRKS` environment (comma-separated list): []
[2026-01-24 22:55:18,754][speechbrain.utils.checkpoints][DEBUG] - Registered checkpoint save hook for _save
[2026-01-24 22:55:18,754][speechbrain.utils.checkpoints][DEBUG] - Registered checkpoint load hook for _recover
[2026-01-24 22:55:18,776][speechbrain.utils.checkpoints][DEBUG] - Registered checkpoint save hook for _save
[2026-01-24 22:55:18,776][speechbrain.utils.checkpoints][DEBUG] - Registered checkpoint load hook for _load
[2026-01-24 22:55:18,776][speechbrain.utils.checkpoints][DEBUG] - Registered parameter transfer hook for _load
[2026-01-24 22:56:08,662][INFO]
Dev results at epoch 1:
accuracy:   0.2502
uar:        0.2546
f1:         0.2173
train_loss: 2.6660
dev_loss:   3.5326

[2026-01-24 22:58:08,310][INFO]
Dev results at epoch 2:
accuracy:   0.8627
uar:        0.8563
f1:         0.8612
train_loss: 0.2796
dev_loss:   0.5247

[2026-01-24 23:00:16,683][INFO]
Dev results at epoch 3:
accuracy:   0.9249
uar:        0.9213
f1:         0.9182
train_loss: 0.1374
dev_loss:   0.2629

[2026-01-24 23:02:30,163][INFO]
Dev results at epoch 4:
accuracy:   0.9293
uar:        0.9268
f1:         0.9224
train_loss: 0.1190
dev_loss:   0.2647

[2026-01-24 23:04:52,723][INFO]
Dev results at epoch 5:
accuracy:   0.9270
uar:        0.9205
f1:         0.9211
train_loss: 0.1174
dev_loss:   0.2585

[2026-01-24 23:07:19,060][INFO]
Dev results at epoch 6:
accuracy:   0.9272
uar:        0.9250
f1:         0.9201
train_loss: 0.1267
dev_loss:   0.2660

[2026-01-24 23:09:46,700][INFO]
Dev results at epoch 7:
accuracy:   0.9306
uar:        0.9329
f1:         0.9291
train_loss: 0.1317
dev_loss:   0.2508

[2026-01-24 23:12:20,549][INFO]
Dev results at epoch 8:
accuracy:   0.9520
uar:        0.9471
f1:         0.9473
train_loss: 0.1550
dev_loss:   0.1710

[2026-01-24 23:14:51,613][INFO]
Dev results at epoch 9:
accuracy:   0.9546
uar:        0.9539
f1:         0.9488
train_loss: 0.1569
dev_loss:   0.1489

[2026-01-24 23:17:21,976][INFO]
Dev results at epoch 10:
accuracy:   0.9597
uar:        0.9542
f1:         0.9549
train_loss: 0.1378
dev_loss:   0.1457

[2026-01-24 23:19:53,368][INFO]
Dev results at epoch 11:
accuracy:   0.9620
uar:        0.9601
f1:         0.9577
train_loss: 0.1259
dev_loss:   0.1384

[2026-01-24 23:22:23,436][INFO]
Dev results at epoch 12:
accuracy:   0.9561
uar:        0.9552
f1:         0.9500
train_loss: 0.1153
dev_loss:   0.1661

[2026-01-24 23:24:51,890][INFO]
Dev results at epoch 13:
accuracy:   0.9573
uar:        0.9550
f1:         0.9513
train_loss: 0.1039
dev_loss:   0.1577

[2026-01-24 23:27:26,981][INFO]
Dev results at epoch 14:
accuracy:   0.9547
uar:        0.9547
f1:         0.9498
train_loss: 0.0950
dev_loss:   0.1757

[2026-01-24 23:29:58,975][INFO]
Dev results at epoch 15:
accuracy:   0.9622
uar:        0.9611
f1:         0.9571
train_loss: 0.0884
dev_loss:   0.1470

[2026-01-24 23:30:15,532][INFO]
Best results at epoch 15:
accuracy:   0.9622
uar:        0.9611
f1:         0.9571
train_loss: 0.0884
dev_loss:   0.1470

[2026-01-24 23:30:15,535][INFO]
Test results:
test_loss:     0.1351
test_accuracy: 0.9635
test_uar:      0.9620
test_f1:       0.9590

=== Step 4: AntiCurriculum Training ===
[2026-01-24 23:30:19,366][HYDRA] Launching 1 jobs locally
[2026-01-24 23:30:19,366][HYDRA] 	#0 : +seed=1 +batch_size=64 +learning_rate=0.001 dataset=SpeechCommands-16k model=Cnn10 optimizer=Adam curriculum=AntiCurriculum curriculum/sampling=Original curriculum/scoring=CumulativeAccuracy curriculum/pacing=Logarithmic curriculum.pacing.initial_size=0.2 curriculum.pacing.final_iteration=0.5 device=cuda ++dataset.path=/mimer/NOBACKUP/groups/ulio_inverse/zhiping/data/SpeechCommands
[2026-01-24 23:30:30,761][speechbrain.utils.checkpoints][DEBUG] - Registered checkpoint save hook for _speechbrain_save
[2026-01-24 23:30:30,761][speechbrain.utils.checkpoints][DEBUG] - Registered checkpoint load hook for _speechbrain_load
[2026-01-24 23:30:30,761][speechbrain.utils.checkpoints][DEBUG] - Registered checkpoint save hook for save
[2026-01-24 23:30:30,761][speechbrain.utils.checkpoints][DEBUG] - Registered checkpoint load hook for load
[2026-01-24 23:30:30,954][speechbrain.utils.quirks][INFO] - Applied quirks (see `speechbrain.utils.quirks`): [disable_jit_profiling, allow_tf32]
[2026-01-24 23:30:30,954][speechbrain.utils.quirks][INFO] - Excluded quirks specified by the `SB_DISABLE_QUIRKS` environment (comma-separated list): []
[2026-01-24 23:30:30,955][speechbrain.utils.checkpoints][DEBUG] - Registered checkpoint save hook for _save
[2026-01-24 23:30:30,955][speechbrain.utils.checkpoints][DEBUG] - Registered checkpoint load hook for _recover
[2026-01-24 23:30:30,974][speechbrain.utils.checkpoints][DEBUG] - Registered checkpoint save hook for _save
[2026-01-24 23:30:30,974][speechbrain.utils.checkpoints][DEBUG] - Registered checkpoint load hook for _load
[2026-01-24 23:30:30,974][speechbrain.utils.checkpoints][DEBUG] - Registered parameter transfer hook for _load
[2026-01-24 23:31:24,595][INFO]
Dev results at epoch 1:
accuracy:   0.0167
uar:        0.0262
f1:         0.0070
train_loss: 3.6556
dev_loss:   3.5373

[2026-01-24 23:33:34,003][INFO]
Dev results at epoch 2:
accuracy:   0.7782
uar:        0.7755
f1:         0.7727
train_loss: 1.2526
dev_loss:   0.7023

[2026-01-24 23:35:54,189][INFO]
Dev results at epoch 3:
accuracy:   0.9173
uar:        0.9072
f1:         0.9044
train_loss: 0.3762
dev_loss:   0.2698

[2026-01-24 23:38:21,251][INFO]
Dev results at epoch 4:
accuracy:   0.9425
uar:        0.9394
f1:         0.9355
train_loss: 0.2741
dev_loss:   0.2023

[2026-01-24 23:40:46,786][INFO]
Dev results at epoch 5:
accuracy:   0.7936
uar:        0.7775
f1:         0.7815
train_loss: 0.2278
dev_loss:   0.8837

[2026-01-24 23:43:21,552][INFO]
Dev results at epoch 6:
accuracy:   0.9290
uar:        0.9282
f1:         0.9202
train_loss: 0.1996
dev_loss:   0.2326

[2026-01-24 23:45:58,120][INFO]
Dev results at epoch 7:
accuracy:   0.9511
uar:        0.9505
f1:         0.9449
train_loss: 0.1738
dev_loss:   0.1620

[2026-01-24 23:48:31,731][INFO]
Dev results at epoch 8:
accuracy:   0.9487
uar:        0.9458
f1:         0.9421
train_loss: 0.1552
dev_loss:   0.1732

[2026-01-24 23:51:01,766][INFO]
Dev results at epoch 9:
accuracy:   0.9527
uar:        0.9509
f1:         0.9465
train_loss: 0.1397
dev_loss:   0.1594

[2026-01-24 23:53:29,483][INFO]
Dev results at epoch 10:
accuracy:   0.9572
uar:        0.9547
f1:         0.9509
train_loss: 0.1245
dev_loss:   0.1480

[2026-01-24 23:55:53,494][INFO]
Dev results at epoch 11:
accuracy:   0.9624
uar:        0.9615
f1:         0.9576
train_loss: 0.1191
dev_loss:   0.1349

[2026-01-24 23:58:23,758][INFO]
Dev results at epoch 12:
accuracy:   0.9586
uar:        0.9541
f1:         0.9539
train_loss: 0.1037
dev_loss:   0.1518

[2026-01-25 00:00:50,174][INFO]
Dev results at epoch 13:
accuracy:   0.9632
uar:        0.9615
f1:         0.9589
train_loss: 0.0959
dev_loss:   0.1384

[2026-01-25 00:03:23,852][INFO]
Dev results at epoch 14:
accuracy:   0.9623
uar:        0.9587
f1:         0.9578
train_loss: 0.0873
dev_loss:   0.1409

[2026-01-25 00:05:53,826][INFO]
Dev results at epoch 15:
accuracy:   0.9639
uar:        0.9608
f1:         0.9597
train_loss: 0.0786
dev_loss:   0.1454

[2026-01-25 00:06:10,375][INFO]
Best results at epoch 15:
accuracy:   0.9639
uar:        0.9608
f1:         0.9597
train_loss: 0.0786
dev_loss:   0.1454

[2026-01-25 00:06:10,378][INFO]
Test results:
test_loss:     0.1333
test_f1:       0.9606
test_uar:      0.9612
test_accuracy: 0.9640

=== All steps completed ===
Job finished.
