This job can be monitored from: https://job.c3se.chalmers.se/alvis/5710255

Currently Loaded Modules:
  1) CUDA/11.8.0

 

/usr/bin/apptainer
nvcc: NVIDIA (R) Cuda compiler driver
Copyright (c) 2005-2022 NVIDIA Corporation
Built on Wed_Sep_21_10:33:58_PDT_2022
Cuda compilation tools, release 11.8, V11.8.89
Build cuda_11.8.r11.8/compiler.31833905_0
===== GPU (HOST) =====
Sun Jan 25 21:51:45 2026       
+-----------------------------------------------------------------------------------------+
| NVIDIA-SMI 580.95.05              Driver Version: 580.95.05      CUDA Version: 13.0     |
+-----------------------------------------+------------------------+----------------------+
| GPU  Name                 Persistence-M | Bus-Id          Disp.A | Volatile Uncorr. ECC |
| Fan  Temp   Perf          Pwr:Usage/Cap |           Memory-Usage | GPU-Util  Compute M. |
|                                         |                        |               MIG M. |
|=========================================+========================+======================|
|   0  NVIDIA A40                     On  |   00000000:CA:00.0 Off |                    0 |
|  0%   24C    P8             21W /  300W |       0MiB /  46068MiB |      0%      Default |
|                                         |                        |                  N/A |
+-----------------------------------------+------------------------+----------------------+

+-----------------------------------------------------------------------------------------+
| Processes:                                                                              |
|  GPU   GI   CI              PID   Type   Process name                        GPU Memory |
|        ID   ID                                                               Usage      |
|=========================================================================================|
|  No running processes found                                                             |
+-----------------------------------------------------------------------------------------+
GPU 0: NVIDIA A40 (UUID: GPU-c79dd741-c331-262a-0591-bd8361e589b8)
=== Step 1: Standard Training with Gaussian 10dB ===
=== Step 2: CumAcc Scoring ===
[2026-01-25 21:51:47,218][HYDRA] Launching 1 jobs locally
[2026-01-25 21:51:47,218][HYDRA] 	#0 : curriculum/scoring=CumulativeAccuracy device=cuda ++dataset.path=/mimer/NOBACKUP/groups/ulio_inverse/zhiping/data/SpeechCommands
[2026-01-25 21:51:59,223][speechbrain.utils.checkpoints][DEBUG] - Registered checkpoint save hook for _speechbrain_save
[2026-01-25 21:51:59,224][speechbrain.utils.checkpoints][DEBUG] - Registered checkpoint load hook for _speechbrain_load
[2026-01-25 21:51:59,224][speechbrain.utils.checkpoints][DEBUG] - Registered checkpoint save hook for save
[2026-01-25 21:51:59,224][speechbrain.utils.checkpoints][DEBUG] - Registered checkpoint load hook for load
[2026-01-25 21:51:59,423][speechbrain.utils.quirks][INFO] - Applied quirks (see `speechbrain.utils.quirks`): [disable_jit_profiling, allow_tf32]
[2026-01-25 21:51:59,424][speechbrain.utils.quirks][INFO] - Excluded quirks specified by the `SB_DISABLE_QUIRKS` environment (comma-separated list): []
[2026-01-25 21:51:59,424][speechbrain.utils.checkpoints][DEBUG] - Registered checkpoint save hook for _save
[2026-01-25 21:51:59,424][speechbrain.utils.checkpoints][DEBUG] - Registered checkpoint load hook for _recover
[2026-01-25 21:51:59,443][speechbrain.utils.checkpoints][DEBUG] - Registered checkpoint save hook for _save
[2026-01-25 21:51:59,443][speechbrain.utils.checkpoints][DEBUG] - Registered checkpoint load hook for _load
[2026-01-25 21:51:59,443][speechbrain.utils.checkpoints][DEBUG] - Registered parameter transfer hook for _load
=== Step 3: Curriculum Training ===
[2026-01-25 22:19:13,778][HYDRA] Launching 1 jobs locally
[2026-01-25 22:19:13,778][HYDRA] 	#0 : +seed=1 +batch_size=64 +learning_rate=0.001 dataset=SpeechCommands-16k model=Cnn10 optimizer=Adam curriculum=Curriculum curriculum/sampling=Original curriculum/scoring=CumulativeAccuracy curriculum/pacing=Logarithmic curriculum.pacing.initial_size=0.2 curriculum.pacing.final_iteration=0.5 device=cuda ++dataset.path=/mimer/NOBACKUP/groups/ulio_inverse/zhiping/data/SpeechCommands
[2026-01-25 22:19:24,936][speechbrain.utils.checkpoints][DEBUG] - Registered checkpoint save hook for _speechbrain_save
[2026-01-25 22:19:24,937][speechbrain.utils.checkpoints][DEBUG] - Registered checkpoint load hook for _speechbrain_load
[2026-01-25 22:19:24,937][speechbrain.utils.checkpoints][DEBUG] - Registered checkpoint save hook for save
[2026-01-25 22:19:24,937][speechbrain.utils.checkpoints][DEBUG] - Registered checkpoint load hook for load
[2026-01-25 22:19:25,135][speechbrain.utils.quirks][INFO] - Applied quirks (see `speechbrain.utils.quirks`): [disable_jit_profiling, allow_tf32]
[2026-01-25 22:19:25,135][speechbrain.utils.quirks][INFO] - Excluded quirks specified by the `SB_DISABLE_QUIRKS` environment (comma-separated list): []
[2026-01-25 22:19:25,136][speechbrain.utils.checkpoints][DEBUG] - Registered checkpoint save hook for _save
[2026-01-25 22:19:25,136][speechbrain.utils.checkpoints][DEBUG] - Registered checkpoint load hook for _recover
[2026-01-25 22:19:25,155][speechbrain.utils.checkpoints][DEBUG] - Registered checkpoint save hook for _save
[2026-01-25 22:19:25,155][speechbrain.utils.checkpoints][DEBUG] - Registered checkpoint load hook for _load
[2026-01-25 22:19:25,155][speechbrain.utils.checkpoints][DEBUG] - Registered parameter transfer hook for _load
[2026-01-25 22:20:22,539][INFO]
Dev results at epoch 1:
accuracy:   0.2502
uar:        0.2546
f1:         0.2173
train_loss: 2.6660
dev_loss:   3.5326

[2026-01-25 22:22:42,881][INFO]
Dev results at epoch 2:
accuracy:   0.8627
uar:        0.8563
f1:         0.8612
train_loss: 0.2796
dev_loss:   0.5247

[2026-01-25 22:25:12,763][INFO]
Dev results at epoch 3:
accuracy:   0.9249
uar:        0.9213
f1:         0.9182
train_loss: 0.1374
dev_loss:   0.2629

[2026-01-25 22:27:54,050][INFO]
Dev results at epoch 4:
accuracy:   0.9293
uar:        0.9268
f1:         0.9224
train_loss: 0.1190
dev_loss:   0.2647

[2026-01-25 22:30:38,699][INFO]
Dev results at epoch 5:
accuracy:   0.9270
uar:        0.9205
f1:         0.9211
train_loss: 0.1174
dev_loss:   0.2585

[2026-01-25 22:33:19,942][INFO]
Dev results at epoch 6:
accuracy:   0.9272
uar:        0.9250
f1:         0.9201
train_loss: 0.1267
dev_loss:   0.2660

[2026-01-25 22:35:59,277][INFO]
Dev results at epoch 7:
accuracy:   0.9306
uar:        0.9329
f1:         0.9291
train_loss: 0.1317
dev_loss:   0.2508

[2026-01-25 22:38:47,259][INFO]
Dev results at epoch 8:
accuracy:   0.9520
uar:        0.9471
f1:         0.9473
train_loss: 0.1550
dev_loss:   0.1710

[2026-01-25 22:41:38,295][INFO]
Dev results at epoch 9:
accuracy:   0.9546
uar:        0.9539
f1:         0.9488
train_loss: 0.1569
dev_loss:   0.1489

[2026-01-25 22:44:27,132][INFO]
Dev results at epoch 10:
accuracy:   0.9597
uar:        0.9542
f1:         0.9549
train_loss: 0.1378
dev_loss:   0.1457

[2026-01-25 22:47:18,803][INFO]
Dev results at epoch 11:
accuracy:   0.9620
uar:        0.9601
f1:         0.9577
train_loss: 0.1259
dev_loss:   0.1384

[2026-01-25 22:50:09,485][INFO]
Dev results at epoch 12:
accuracy:   0.9561
uar:        0.9552
f1:         0.9500
train_loss: 0.1153
dev_loss:   0.1661

[2026-01-25 22:53:02,039][INFO]
Dev results at epoch 13:
accuracy:   0.9573
uar:        0.9550
f1:         0.9513
train_loss: 0.1039
dev_loss:   0.1577

[2026-01-25 22:55:50,161][INFO]
Dev results at epoch 14:
accuracy:   0.9547
uar:        0.9547
f1:         0.9498
train_loss: 0.0950
dev_loss:   0.1757

[2026-01-25 22:58:30,631][INFO]
Dev results at epoch 15:
accuracy:   0.9622
uar:        0.9611
f1:         0.9571
train_loss: 0.0884
dev_loss:   0.1470

[2026-01-25 22:58:47,689][INFO]
Best results at epoch 15:
accuracy:   0.9622
uar:        0.9611
f1:         0.9571
train_loss: 0.0884
dev_loss:   0.1470

[2026-01-25 22:58:47,692][INFO]
Test results:
test_loss:     0.1351
test_accuracy: 0.9635
test_f1:       0.9590
test_uar:      0.9620

=== Step 4: AntiCurriculum Training ===
[2026-01-25 22:58:51,733][HYDRA] Launching 1 jobs locally
[2026-01-25 22:58:51,733][HYDRA] 	#0 : +seed=1 +batch_size=64 +learning_rate=0.001 dataset=SpeechCommands-16k model=Cnn10 optimizer=Adam curriculum=AntiCurriculum curriculum/sampling=Original curriculum/scoring=CumulativeAccuracy curriculum/pacing=Logarithmic curriculum.pacing.initial_size=0.2 curriculum.pacing.final_iteration=0.5 device=cuda ++dataset.path=/mimer/NOBACKUP/groups/ulio_inverse/zhiping/data/SpeechCommands
[2026-01-25 22:59:02,934][speechbrain.utils.checkpoints][DEBUG] - Registered checkpoint save hook for _speechbrain_save
[2026-01-25 22:59:02,935][speechbrain.utils.checkpoints][DEBUG] - Registered checkpoint load hook for _speechbrain_load
[2026-01-25 22:59:02,935][speechbrain.utils.checkpoints][DEBUG] - Registered checkpoint save hook for save
[2026-01-25 22:59:02,935][speechbrain.utils.checkpoints][DEBUG] - Registered checkpoint load hook for load
[2026-01-25 22:59:03,126][speechbrain.utils.quirks][INFO] - Applied quirks (see `speechbrain.utils.quirks`): [disable_jit_profiling, allow_tf32]
[2026-01-25 22:59:03,127][speechbrain.utils.quirks][INFO] - Excluded quirks specified by the `SB_DISABLE_QUIRKS` environment (comma-separated list): []
[2026-01-25 22:59:03,127][speechbrain.utils.checkpoints][DEBUG] - Registered checkpoint save hook for _save
[2026-01-25 22:59:03,127][speechbrain.utils.checkpoints][DEBUG] - Registered checkpoint load hook for _recover
[2026-01-25 22:59:03,145][speechbrain.utils.checkpoints][DEBUG] - Registered checkpoint save hook for _save
[2026-01-25 22:59:03,145][speechbrain.utils.checkpoints][DEBUG] - Registered checkpoint load hook for _load
[2026-01-25 22:59:03,145][speechbrain.utils.checkpoints][DEBUG] - Registered parameter transfer hook for _load
[2026-01-25 23:00:00,011][INFO]
Dev results at epoch 1:
accuracy:   0.0167
uar:        0.0262
f1:         0.0070
train_loss: 3.6556
dev_loss:   3.5373

[2026-01-25 23:02:21,863][INFO]
Dev results at epoch 2:
accuracy:   0.7782
uar:        0.7755
f1:         0.7727
train_loss: 1.2526
dev_loss:   0.7023

[2026-01-25 23:04:51,875][INFO]
Dev results at epoch 3:
accuracy:   0.9173
uar:        0.9072
f1:         0.9044
train_loss: 0.3762
dev_loss:   0.2698

[2026-01-25 23:07:32,337][INFO]
Dev results at epoch 4:
accuracy:   0.9425
uar:        0.9394
f1:         0.9355
train_loss: 0.2741
dev_loss:   0.2023

[2026-01-25 23:10:10,413][INFO]
Dev results at epoch 5:
accuracy:   0.7936
uar:        0.7775
f1:         0.7815
train_loss: 0.2278
dev_loss:   0.8837

[2026-01-25 23:12:49,962][INFO]
Dev results at epoch 6:
accuracy:   0.9290
uar:        0.9282
f1:         0.9202
train_loss: 0.1996
dev_loss:   0.2326

[2026-01-25 23:15:33,921][INFO]
Dev results at epoch 7:
accuracy:   0.9511
uar:        0.9505
f1:         0.9449
train_loss: 0.1738
dev_loss:   0.1620

[2026-01-25 23:18:17,295][INFO]
Dev results at epoch 8:
accuracy:   0.9487
uar:        0.9458
f1:         0.9421
train_loss: 0.1552
dev_loss:   0.1732

[2026-01-25 23:21:07,050][INFO]
Dev results at epoch 9:
accuracy:   0.9527
uar:        0.9509
f1:         0.9465
train_loss: 0.1397
dev_loss:   0.1594

[2026-01-25 23:23:52,325][INFO]
Dev results at epoch 10:
accuracy:   0.9572
uar:        0.9547
f1:         0.9509
train_loss: 0.1245
dev_loss:   0.1480

[2026-01-25 23:26:43,684][INFO]
Dev results at epoch 11:
accuracy:   0.9624
uar:        0.9615
f1:         0.9576
train_loss: 0.1191
dev_loss:   0.1349

[2026-01-25 23:29:35,538][INFO]
Dev results at epoch 12:
accuracy:   0.9586
uar:        0.9541
f1:         0.9539
train_loss: 0.1037
dev_loss:   0.1518

[2026-01-25 23:32:22,267][INFO]
Dev results at epoch 13:
accuracy:   0.9632
uar:        0.9615
f1:         0.9589
train_loss: 0.0959
dev_loss:   0.1384

[2026-01-25 23:35:15,143][INFO]
Dev results at epoch 14:
accuracy:   0.9623
uar:        0.9587
f1:         0.9578
train_loss: 0.0873
dev_loss:   0.1409

[2026-01-25 23:38:03,073][INFO]
Dev results at epoch 15:
accuracy:   0.9639
uar:        0.9608
f1:         0.9597
train_loss: 0.0786
dev_loss:   0.1454

[2026-01-25 23:38:18,598][INFO]
Best results at epoch 15:
accuracy:   0.9639
uar:        0.9608
f1:         0.9597
train_loss: 0.0786
dev_loss:   0.1454

[2026-01-25 23:38:18,601][INFO]
Test results:
test_loss:     0.1333
test_accuracy: 0.9640
test_f1:       0.9606
test_uar:      0.9612

=== All steps completed ===
Job finished.
